2026-01-21 17:22:36 - INFO - scripts.amazon_crawler_entrypoint - Crawler started
2026-01-21 17:22:36 - INFO - scripts.amazon_crawler_entrypoint - ==================================================
2026-01-21 17:22:36 - INFO - scripts.amazon_crawler_entrypoint - Looking into ASIN B09NYL8XQW
2026-01-21 17:22:36 - INFO - scripts.amazon_crawler_entrypoint - ==================================================
2026-01-21 17:22:36 - INFO - WDM - ====== WebDriver manager ======
2026-01-21 17:22:36 - INFO - WDM - Get LATEST chromedriver version for google-chrome
2026-01-21 17:22:37 - INFO - WDM - Get LATEST chromedriver version for google-chrome
2026-01-21 17:22:37 - INFO - WDM - Driver [/Users/gabriel/.wdm/drivers/chromedriver/mac64/143.0.7499.192/chromedriver-mac-arm64/chromedriver] found in cache
2026-01-21 17:23:03 - INFO - src.amazon.pages.product_page_scraper - Logged in successfully
2026-01-21 17:23:13 - INFO - src.amazon.pages.product_page_scraper - No multiple sellers for this asin B09NYL8XQW
2026-01-21 17:23:24 - ERROR - scripts.amazon_crawler_entrypoint - Error processing product page for ASIN B09NYL8XQW
Traceback (most recent call last):
  File "/Users/gabriel/Documents/Master/Research/FraudGuard/scripts/amazon_crawler_entrypoint.py", line 54, in run
    product_page.crawl_page()
    ~~~~~~~~~~~~~~~~~~~~~~~^^
  File "/Users/gabriel/Documents/Master/Research/FraudGuard/src/amazon/pages/product_page_scraper.py", line 88, in crawl_page
    raise ElementNotFoundError("Product's main body element not found")
src.amazon.exceptions.ElementNotFoundError: Product's main body element not found
2026-01-21 17:23:24 - ERROR - scripts.amazon_crawler_entrypoint - Error writing results for ASIN B09NYL8XQW
Traceback (most recent call last):
  File "/Users/gabriel/Documents/Master/Research/FraudGuard/scripts/amazon_crawler_entrypoint.py", line 67, in run
    results_writer.write_results(product_page)
    ^^^^^^^^^^^^^^^^^^^^^^^^^^^^
AttributeError: 'Writer' object has no attribute 'write_results'
